2019-12-21T07:45:04.094Z - normal: Load ~/.CocosCreator/settings.json
2019-12-21T07:45:04.163Z - normal: Initializing Asset Database
2019-12-21T07:45:04.166Z - normal: checking language setting...
2019-12-21T07:45:04.166Z - normal: Language: zh
2019-12-21T07:45:04.627Z - success: preview server running at http://localhost:7456
2019-12-21T07:45:04.631Z - success: protocol editor-framework registered
2019-12-21T07:45:04.632Z - success: protocol app registered
2019-12-21T07:45:04.632Z - success: protocol theme registered
2019-12-21T07:45:04.632Z - success: protocol packages registered
2019-12-21T07:45:04.632Z - success: protocol uuid registerred
2019-12-21T07:45:04.632Z - success: protocol db registerred
2019-12-21T07:45:04.632Z - success: protocol thumbnail registerred
2019-12-21T07:45:04.632Z - success: protocol unpack registerred
2019-12-21T07:45:04.632Z - success: protocol disable-commonjs registerred
2019-12-21T07:45:04.887Z - normal: connected!
2019-12-21T07:45:04.888Z - normal: Check project X:\project\cocos\MadGamePj
2019-12-21T07:45:04.891Z - normal: Initializing project X:\project\cocos\MadGamePj
2019-12-21T07:45:05.239Z - normal: Initializing Cocos2d
2019-12-21T07:45:05.749Z - normal: Initializing engine extends
2019-12-21T07:45:05.800Z - success: adapters loaded
2019-12-21T07:45:05.809Z - success: asset-db-debugger loaded
2019-12-21T07:45:05.917Z - success: fb-audience-network loaded
2019-12-21T07:45:05.958Z - success: fb-live-stream loaded
2019-12-21T07:45:05.962Z - success: google-play-instant loaded
2019-12-21T07:45:05.970Z - success: huawei-runtime loaded
2019-12-21T07:45:06.137Z - success: cpk-publish loaded
2019-12-21T07:45:06.139Z - success: jsb-adapter loaded
2019-12-21T07:45:06.144Z - success: oppo-runtime loaded
2019-12-21T07:45:06.149Z - success: package-manager loaded
2019-12-21T07:45:06.153Z - success: runtime-dev-tools loaded
2019-12-21T07:45:06.161Z - success: sdkbox loaded
2019-12-21T07:45:06.167Z - success: ui-kit-preview-extra loaded
2019-12-21T07:45:06.172Z - success: ui-kit-preview loaded
2019-12-21T07:45:06.183Z - success: vivo-runtime loaded
2019-12-21T07:45:06.187Z - success: alipay-minigame loaded
2019-12-21T07:45:06.245Z - success: assets loaded
2019-12-21T07:45:06.250Z - success: baidugame-opendata loaded
2019-12-21T07:45:06.253Z - success: baidugame loaded
2019-12-21T07:45:06.257Z - success: builder loaded
2019-12-21T07:45:06.426Z - success: cocos-services loaded
2019-12-21T07:45:06.433Z - success: console loaded
2019-12-21T07:45:06.449Z - success: fb-instant-games loaded
2019-12-21T07:45:06.454Z - success: game-window loaded
2019-12-21T07:45:06.458Z - success: google-instant-games loaded
2019-12-21T07:45:06.463Z - success: hierarchy loaded
2019-12-21T07:45:06.468Z - success: inspector loaded
2019-12-21T07:45:06.470Z - success: keystore loaded
2019-12-21T07:45:06.476Z - success: node-library loaded
2019-12-21T07:45:06.478Z - success: open-recent-items loaded
2019-12-21T07:45:06.480Z - success: package-asset loaded
2019-12-21T07:45:06.483Z - success: preferences loaded
2019-12-21T07:45:06.487Z - success: project-exporter loaded
2019-12-21T07:45:06.491Z - success: project-importer loaded
2019-12-21T07:45:06.494Z - success: project-settings loaded
2019-12-21T07:45:06.503Z - success: scene loaded
2019-12-21T07:45:06.505Z - success: simulator-debugger loaded
2019-12-21T07:45:06.506Z - success: sprite-editor loaded
2019-12-21T07:45:06.510Z - success: store loaded
2019-12-21T07:45:06.516Z - success: timeline loaded
2019-12-21T07:45:06.520Z - success: wechatgame-opendata loaded
2019-12-21T07:45:06.525Z - success: wechatgame loaded
2019-12-21T07:45:06.532Z - success: xiaomi-runtime loaded
2019-12-21T07:45:08.178Z - normal: Loading packages
2019-12-21T07:45:08.328Z - normal: Watching packages
2019-12-21T07:45:09.002Z - normal: Run Application
2019-12-21T07:45:09.161Z - info: Cocos Services load base data!
2019-12-21T07:45:13.863Z - warn: Please specifiy a default value for "Skill.crashIcon" at its declaration:
 
// Before:
@property(...)
myProp;
// After:
@property(...)
myProp = 0;
2019-12-21T07:45:13.912Z - warn: Script attached to "Canvas" in scene "GameItself.fire" is missing or invalid. Detailed information:
Node path: "Canvas"
Asset url: "db://assets/Scenes/GameItself.fire"
Script UUID: "4a5aad26-9951-4b54-ad78-142cf8b9951c"
Class ID: "4a5aa0mmVFLVK14FCz4uZUc"

2019-12-21T08:18:19.272Z - warn: Please specifiy a default value for "Skill.crashIcon" at its declaration:
 
// Before:
@property(...)
myProp;
// After:
@property(...)
myProp = 0;
2019-12-21T08:25:07.767Z - warn: Please specifiy a default value for "Skill.crashIcon" at its declaration:
 
// Before:
@property(...)
myProp;
// After:
@property(...)
myProp = 0;
2019-12-21T08:25:10.269Z - warn: Please specifiy a default value for "Skill.crashIcon" at its declaration:
 
// Before:
@property(...)
myProp;
// After:
@property(...)
myProp = 0;
2019-12-21T08:33:01.594Z - warn: Please specifiy a default value for "Skill.crashIcon" at its declaration:
 
// Before:
@property(...)
myProp;
// After:
@property(...)
myProp = 0;
